bmobIM_SDK_Demo/build/outputs/logs/manifest-merger-debug-report.txt
-- Merging decision tree log ---
manifest
ADDED from src\main\AndroidManifest.xml:2:1-183:12
	xmlns:android
		ADDED from src\main\AndroidManifest.xml:2:11-69
	package
		ADDED from src\main\AndroidManifest.xml:3:5-31
		INJECTED from src\main\AndroidManifest.xml
		INJECTED from src\main\AndroidManifest.xml
	android:versionName
		ADDED from src\main\AndroidManifest.xml:5:5-32
	android:versionCode
		ADDED from src\main\AndroidManifest.xml:4:5-29
		INJECTED from src\main\AndroidManifest.xml
		INJECTED from src\main\AndroidManifest.xml
uses-sdk
ADDED from src\main\AndroidManifest.xml:7:5-9:41
MERGED from [BmobIM_Demo:bmobIM_SDK:unspecified] AndroidManifest.xml:7:5-9:41
	android:targetSdkVersion
		ADDED from src\main\AndroidManifest.xml:9:9-38
		INJECTED from src\main\AndroidManifest.xml
		INJECTED from src\main\AndroidManifest.xml
	android:minSdkVersion
		ADDED from src\main\AndroidManifest.xml:8:9-34
		INJECTED from src\main\AndroidManifest.xml
		INJECTED from src\main\AndroidManifest.xml
supports-screens
ADDED from src\main\AndroidManifest.xml:11:6-16:39
	android:resizeable
		ADDED from src\main\AndroidManifest.xml:15:9-34
	android:largeScreens
		ADDED from src\main\AndroidManifest.xml:13:9-36
	android:anyDensity
		ADDED from src\main\AndroidManifest.xml:12:9-34
	android:normalScreens
		ADDED from src\main\AndroidManifest.xml:14:9-38
	android:smallScreens
		ADDED from src\main\AndroidManifest.xml:16:9-36
uses-permission#android.permission.INTERNET
ADDED from src\main\AndroidManifest.xml:19:5-67
	android:name
		ADDED from src\main\AndroidManifest.xml:19:22-64
uses-permission#android.permission.WRITE_EXTERNAL_STORAGE
ADDED from src\main\AndroidManifest.xml:20:5-81
	android:name
		ADDED from src\main\AndroidManifest.xml:20:22-78
uses-permission#android.permission.READ_PHONE_STATE
ADDED from src\main\AndroidManifest.xml:21:5-75
	android:name
		ADDED from src\main\AndroidManifest.xml:21:22-72
uses-permission#android.permission.READ_LOGS
ADDED from src\main\AndroidManifest.xml:22:5-68
	android:name
		ADDED from src\main\AndroidManifest.xml:22:22-65
permission#cn.bmob.permission.push
ADDED from src\main\AndroidManifest.xml:24:5-27:18
	android:protectionLevel
		ADDED from src\main\AndroidManifest.xml:26:9-41
	android:name
		ADDED from src\main\AndroidManifest.xml:25:9-47
uses-permission#cn.bmob.permission.push
ADDED from src\main\AndroidManifest.xml:28:5-63
	android:name
		ADDED from src\main\AndroidManifest.xml:28:22-60
uses-permission#android.permission.ACCESS_NETWORK_STATE
ADDED from src\main\AndroidManifest.xml:29:5-79
	android:name
		ADDED from src\main\AndroidManifest.xml:29:22-76
uses-permission#android.permission.ACCESS_WIFI_STATE
ADDED from src\main\AndroidManifest.xml:30:5-76
	android:name
		ADDED from src\main\AndroidManifest.xml:30:22-73
uses-permission#android.permission.MOUNT_UNMOUNT_FILESYSTEMS
ADDED from src\main\AndroidManifest.xml:33:5-84
	android:name
		ADDED from src\main\AndroidManifest.xml:33:22-81
uses-permission#android.permission.VIBRATE
ADDED from src\main\AndroidManifest.xml:35:5-66
	android:name
		ADDED from src\main\AndroidManifest.xml:35:22-63
uses-permission#android.permission.GET_ACCOUNTS
ADDED from src\main\AndroidManifest.xml:37:5-71
	android:name
		ADDED from src\main\AndroidManifest.xml:37:22-68
uses-permission#android.permission.USE_CREDENTIALS
ADDED from src\main\AndroidManifest.xml:38:5-74
	android:name
		ADDED from src\main\AndroidManifest.xml:38:22-71
uses-permission#android.permission.MANAGE_ACCOUNTS
ADDED from src\main\AndroidManifest.xml:39:5-74
	android:name
		ADDED from src\main\AndroidManifest.xml:39:22-71
uses-permission#android.permission.AUTHENTICATE_ACCOUNTS
ADDED from src\main\AndroidManifest.xml:40:5-80
	android:name
		ADDED from src\main\AndroidManifest.xml:40:22-77
uses-permission#android.permission.BAIDU_LOCATION_SERVICE
ADDED from src\main\AndroidManifest.xml:41:5-42:23
	android:name
		ADDED from src\main\AndroidManifest.xml:41:22-78
uses-permission#android.permission.ACCESS_MOCK_LOCATION
ADDED from src\main\AndroidManifest.xml:43:5-44:23
	android:name
		ADDED from src\main\AndroidManifest.xml:43:22-76
uses-permission#com.android.launcher.permission.READ_SETTINGS
ADDED from src\main\AndroidManifest.xml:45:5-85
	android:name
		ADDED from src\main\AndroidManifest.xml:45:22-82
uses-permission#android.permission.WAKE_LOCK
ADDED from src\main\AndroidManifest.xml:46:5-47:23
	android:name
		ADDED from src\main\AndroidManifest.xml:46:22-65
uses-permission#android.permission.ACCESS_GPS
ADDED from src\main\AndroidManifest.xml:48:5-69
	android:name
		ADDED from src\main\AndroidManifest.xml:48:22-66
uses-permission#android.permission.READ_CONTACTS
ADDED from src\main\AndroidManifest.xml:49:5-72
	android:name
		ADDED from src\main\AndroidManifest.xml:49:22-69
uses-permission#android.permission.CALL_PHONE
ADDED from src\main\AndroidManifest.xml:50:5-69
	android:name
		ADDED from src\main\AndroidManifest.xml:50:22-66
uses-permission#android.permission.READ_SMS
ADDED from src\main\AndroidManifest.xml:51:5-67
	android:name
		ADDED from src\main\AndroidManifest.xml:51:22-64
uses-permission#android.permission.SEND_SMS
ADDED from src\main\AndroidManifest.xml:52:5-67
	android:name
		ADDED from src\main\AndroidManifest.xml:52:22-64
uses-permission#android.permission.GET_TASKS
ADDED from src\main\AndroidManifest.xml:54:5-68
	android:name
		ADDED from src\main\AndroidManifest.xml:54:22-65
uses-permission#android.permission.CAMERA
ADDED from src\main\AndroidManifest.xml:55:5-56:23
	android:name
		ADDED from src\main\AndroidManifest.xml:55:22-62
uses-permission#android.permission.RECORD_AUDIO
ADDED from src\main\AndroidManifest.xml:57:5-58:23
	android:name
		ADDED from src\main\AndroidManifest.xml:57:22-68
uses-permission#android.permission.RECEIVE_BOOT_COMPLETED
ADDED from src\main\AndroidManifest.xml:61:5-81
	android:name
		ADDED from src\main\AndroidManifest.xml:61:22-78
uses-permission#android.permission.BROADCAST_STICKY
ADDED from src\main\AndroidManifest.xml:62:5-75
	android:name
		ADDED from src\main\AndroidManifest.xml:62:22-72
uses-permission#android.permission.WRITE_SETTINGS
ADDED from src\main\AndroidManifest.xml:63:5-73
	android:name
		ADDED from src\main\AndroidManifest.xml:63:22-70
uses-permission#android.permission.PROCESS_OUTGOING_CALLS
ADDED from src\main\AndroidManifest.xml:65:5-66:23
	android:name
		ADDED from src\main\AndroidManifest.xml:65:22-78
uses-permission#android.permission.MODIFY_AUDIO_SETTINGS
ADDED from src\main\AndroidManifest.xml:67:5-80
	android:name
		ADDED from src\main\AndroidManifest.xml:67:22-77
uses-permission#android.permission.ACCESS_COARSE_LOCATION
ADDED from src\main\AndroidManifest.xml:70:2-94
	android:name
		ADDED from src\main\AndroidManifest.xml:70:19-75
uses-permission#android.permission.ACCESS_FINE_LOCATION
ADDED from src\main\AndroidManifest.xml:72:2-92
	android:name
		ADDED from src\main\AndroidManifest.xml:72:19-73
uses-permission#android.permission.CHANGE_WIFI_STATE
ADDED from src\main\AndroidManifest.xml:78:2-89
	android:name
		ADDED from src\main\AndroidManifest.xml:78:19-70
application
ADDED from src\main\AndroidManifest.xml:82:5-181:19
MERGED from [BmobIM_Demo:bmobIM_SDK:unspecified] AndroidManifest.xml:11:5-16:19
	android:label
		ADDED from src\main\AndroidManifest.xml:86:9-41
	android:allowBackup
		ADDED from src\main\AndroidManifest.xml:84:9-35
	android:icon
		ADDED from src\main\AndroidManifest.xml:85:9-45
	android:theme
		ADDED from src\main\AndroidManifest.xml:87:9-40
	android:name
		ADDED from src\main\AndroidManifest.xml:83:9-57
activity#com.bmob.im.demo.ui.SplashActivity
ADDED from src\main\AndroidManifest.xml:88:9-96:20
	android:label
		ADDED from src\main\AndroidManifest.xml:90:13-45
	android:name
		ADDED from src\main\AndroidManifest.xml:89:13-62
intent-filter#android.intent.action.MAIN+android.intent.category.LAUNCHER
ADDED from src\main\AndroidManifest.xml:91:13-95:29
action#android.intent.action.MAIN
ADDED from src\main\AndroidManifest.xml:92:17-69
	android:name
		ADDED from src\main\AndroidManifest.xml:92:25-66
category#android.intent.category.LAUNCHER
ADDED from src\main\AndroidManifest.xml:94:17-77
	android:name
		ADDED from src\main\AndroidManifest.xml:94:27-74
activity#com.bmob.im.demo.ui.MainActivity
ADDED from src\main\AndroidManifest.xml:97:9-100:73
	android:windowSoftInputMode
		ADDED from src\main\AndroidManifest.xml:100:13-70
	android:name
		ADDED from src\main\AndroidManifest.xml:98:13-60
	android:launchMode
		ADDED from src\main\AndroidManifest.xml:99:13-44
activity#com.bmob.im.demo.ui.LoginActivity
ADDED from src\main\AndroidManifest.xml:102:9-54
	android:name
		ADDED from src\main\AndroidManifest.xml:102:19-51
activity#com.bmob.im.demo.ui.LocationActivity
ADDED from src\main\AndroidManifest.xml:104:9-57
	android:name
		ADDED from src\main\AndroidManifest.xml:104:19-54
activity#com.bmob.im.demo.ui.BlackListActivity
ADDED from src\main\AndroidManifest.xml:106:9-58
	android:name
		ADDED from src\main\AndroidManifest.xml:106:19-55
activity#com.bmob.im.demo.ui.ImageBrowserActivity
ADDED from src\main\AndroidManifest.xml:108:9-61
	android:name
		ADDED from src\main\AndroidManifest.xml:108:19-58
activity#com.bmob.im.demo.ui.AddFriendActivity
ADDED from src\main\AndroidManifest.xml:110:9-112:67
	android:windowSoftInputMode
		ADDED from src\main\AndroidManifest.xml:112:13-64
	android:name
		ADDED from src\main\AndroidManifest.xml:111:13-65
activity#com.bmob.im.demo.ui.NewFriendActivity
ADDED from src\main\AndroidManifest.xml:114:9-74
	android:name
		ADDED from src\main\AndroidManifest.xml:114:19-71
activity#com.bmob.im.demo.ui.NearPeopleActivity
ADDED from src\main\AndroidManifest.xml:115:9-75
	android:name
		ADDED from src\main\AndroidManifest.xml:115:19-72
activity#com.bmob.im.demo.ui.UpdateInfoActivity
ADDED from src\main\AndroidManifest.xml:117:9-75
	android:name
		ADDED from src\main\AndroidManifest.xml:117:19-72
activity#com.bmob.im.demo.ui.ChatActivity
ADDED from src\main\AndroidManifest.xml:119:9-121:76
	android:windowSoftInputMode
		ADDED from src\main\AndroidManifest.xml:121:13-73
	android:name
		ADDED from src\main\AndroidManifest.xml:120:13-60
activity#com.bmob.im.demo.ui.SetMyInfoActivity
ADDED from src\main\AndroidManifest.xml:123:9-74
	android:name
		ADDED from src\main\AndroidManifest.xml:123:19-71
activity#com.bmob.im.demo.ui.RegisterActivity
ADDED from src\main\AndroidManifest.xml:125:9-127:48
	android:label
		ADDED from src\main\AndroidManifest.xml:127:13-45
	android:name
		ADDED from src\main\AndroidManifest.xml:126:13-64
meta-data#com.baidu.lbsapi.API_KEY
ADDED from src\main\AndroidManifest.xml:130:9-132:56
	android:name
		ADDED from src\main\AndroidManifest.xml:131:13-52
	android:value
		ADDED from src\main\AndroidManifest.xml:132:13-53
service#com.baidu.location.f
ADDED from src\main\AndroidManifest.xml:134:10-142:19
	android:process
		ADDED from src\main\AndroidManifest.xml:137:13-38
	android:enabled
		ADDED from src\main\AndroidManifest.xml:136:13-35
	android:name
		ADDED from src\main\AndroidManifest.xml:135:13-48
intent-filter#com.baidu.location.service_v2.2
ADDED from src\main\AndroidManifest.xml:138:13-141:29
action#com.baidu.location.service_v2.2
ADDED from src\main\AndroidManifest.xml:139:17-140:26
	android:name
		ADDED from src\main\AndroidManifest.xml:139:25-71
service#cn.bmob.push.lib.service.PushService
ADDED from src\main\AndroidManifest.xml:145:9-154:19
	android:label
		ADDED from src\main\AndroidManifest.xml:148:13-40
	android:process
		ADDED from src\main\AndroidManifest.xml:150:13-43
	android:exported
		ADDED from src\main\AndroidManifest.xml:147:13-36
	android:permission
		ADDED from src\main\AndroidManifest.xml:149:13-57
	android:name
		ADDED from src\main\AndroidManifest.xml:146:13-64
intent-filter#cn.bmob.push.lib.service.PushService
ADDED from src\main\AndroidManifest.xml:151:13-153:29
action#cn.bmob.push.lib.service.PushService
ADDED from src\main\AndroidManifest.xml:152:17-79
	android:name
		ADDED from src\main\AndroidManifest.xml:152:25-76
receiver#cn.bmob.push.PushReceiver
ADDED from src\main\AndroidManifest.xml:156:9-165:20
	android:name
		ADDED from src\main\AndroidManifest.xml:156:19-59
intent-filter#android.intent.action.BOOT_COMPLETED+android.intent.action.USER_PRESENT+android.net.conn.CONNECTIVITY_CHANGE
ADDED from src\main\AndroidManifest.xml:157:13-164:29
	android:priority
		ADDED from src\main\AndroidManifest.xml:157:28-57
action#android.intent.action.BOOT_COMPLETED
ADDED from src\main\AndroidManifest.xml:159:17-79
	android:name
		ADDED from src\main\AndroidManifest.xml:159:25-76
action#android.intent.action.USER_PRESENT
ADDED from src\main\AndroidManifest.xml:161:17-77
	android:name
		ADDED from src\main\AndroidManifest.xml:161:25-74
action#android.net.conn.CONNECTIVITY_CHANGE
ADDED from src\main\AndroidManifest.xml:163:17-79
	android:name
		ADDED from src\main\AndroidManifest.xml:163:25-76
receiver#com.bmob.im.demo.MyMessageReceiver
ADDED from src\main\AndroidManifest.xml:166:9-170:20
	android:name
		ADDED from src\main\AndroidManifest.xml:166:19-52
intent-filter#cn.bmob.push.action.MESSAGE
ADDED from src\main\AndroidManifest.xml:167:13-169:29
action#cn.bmob.push.action.MESSAGE
ADDED from src\main\AndroidManifest.xml:168:17-70
	android:name
		ADDED from src\main\AndroidManifest.xml:168:25-67
service#cn.bmob.im.poll.BmobPollService
ADDED from src\main\AndroidManifest.xml:175:10-179:19
	android:name
		ADDED from src\main\AndroidManifest.xml:175:19-65
intent-filter#cn.bmob.im.service.BmobPollService
ADDED from src\main\AndroidManifest.xml:176:13-178:29
action#cn.bmob.im.service.BmobPollService
ADDED from src\main\AndroidManifest.xml:177:17-76
	android:name
		ADDED from src\main\AndroidManifest.xml:177:25-74